2017-07-02 01:26:58: -- Analysis Started by On File Change Incremental
2017-07-02 01:26:59: Changes: 51, Conflicts: 0, CopyTime: 0, FixState: 0, Errors: 0, All: 8548
2017-07-02 01:26:59: Left to Right: Copy File: 51 
2017-07-02 01:26:59: == Sync Started by On File Change Incremental
2017-07-02 01:26:59: Create Folder 'ftp://ftp.bradl79.x10.mx/public_html/bradleyrepo2/zips/repository.smash'
2017-07-02 01:27:11: Copy Over 'D:/Kodi/Repos/bradleyrepo2/zips/plugin.program.viperwizard/plugin.program.viperwizard-1.0.zip' -> 'ftp://ftp.bradl79.x10.mx/public_html/bradleyrepo2/zips/plugin.program.viperwizard/plugin.program.viperwizard-1.0.zip'
2017-07-02 01:27:17: Copy Over 'D:/Kodi/Repos/bradleyrepo2/zips/plugin.program.Wolfpackwizard/plugin.program.Wolfpackwizard-1.6.zip' -> 'ftp://ftp.bradl79.x10.mx/public_html/bradleyrepo2/zips/plugin.program.Wolfpackwizard/plugin.program.Wolfpackwizard-1.6.zip'
2017-07-02 01:27:22: Copy Over 'D:/Kodi/Repos/bradleyrepo2/zips/plugin.video.elysium/plugin.video.elysium-2017.06.27t.zip' -> 'ftp://ftp.bradl79.x10.mx/public_html/bradleyrepo2/zips/plugin.video.elysium/plugin.video.elysium-2017.06.27t.zip'
2017-07-02 01:27:30: Copy Over 'D:/Kodi/Repos/bradleyrepo2/zips/plugin.video.exodus/plugin.video.exodus-3.1.22.zip' -> 'ftp://ftp.bradl79.x10.mx/public_html/bradleyrepo2/zips/plugin.video.exodus/plugin.video.exodus-3.1.22.zip'
2017-07-02 01:27:33: Copy Over 'D:/Kodi/Repos/bradleyrepo2/zips/plugin.video.freethemonster/plugin.video.freethemonster-1.0.zip' -> 'ftp://ftp.bradl79.x10.mx/public_html/bradleyrepo2/zips/plugin.video.freethemonster/plugin.video.freethemonster-1.0.zip'
2017-07-02 01:27:42: Copy Over 'D:/Kodi/Repos/bradleyrepo2/zips/plugin.video.LimitlessIPTV/plugin.video.LimitlessIPTV-1.0.zip' -> 'ftp://ftp.bradl79.x10.mx/public_html/bradleyrepo2/zips/plugin.video.LimitlessIPTV/plugin.video.LimitlessIPTV-1.0.zip'
2017-07-02 01:28:35: Copy Over 'D:/Kodi/Repos/bradleyrepo2/zips/plugin.video.mancavetv/plugin.video.mancavetv-1.0.zip' -> 'ftp://ftp.bradl79.x10.mx/public_html/bradleyrepo2/zips/plugin.video.mancavetv/plugin.video.mancavetv-1.0.zip'
2017-07-02 01:28:38: Copy Over 'D:/Kodi/Repos/bradleyrepo2/zips/plugin.video.MaverickTV/plugin.video.MaverickTV-4.2.zip' -> 'ftp://ftp.bradl79.x10.mx/public_html/bradleyrepo2/zips/plugin.video.MaverickTV/plugin.video.MaverickTV-4.2.zip'
2017-07-02 01:28:40: Copy Over 'D:/Kodi/Repos/bradleyrepo2/zips/plugin.video.miflix 4.1/plugin.video.miflix 4.1-4.1.zip' -> 'ftp://ftp.bradl79.x10.mx/public_html/bradleyrepo2/zips/plugin.video.miflix 4.1/plugin.video.miflix 4.1-4.1.zip'
2017-07-02 01:29:04: Copy Over 'D:/Kodi/Repos/bradleyrepo2/zips/plugin.video.playklub/plugin.video.playklub-2.2.zip' -> 'ftp://ftp.bradl79.x10.mx/public_html/bradleyrepo2/zips/plugin.video.playklub/plugin.video.playklub-2.2.zip'
2017-07-02 01:29:06: Copy Over 'D:/Kodi/Repos/bradleyrepo2/zips/plugin.video.prosport/plugin.video.prosport-0.83.zip' -> 'ftp://ftp.bradl79.x10.mx/public_html/bradleyrepo2/zips/plugin.video.prosport/plugin.video.prosport-0.83.zip'
2017-07-02 01:29:08: Copy Over 'D:/Kodi/Repos/bradleyrepo2/zips/plugin.video.real-movies/plugin.video.real-movies-2.1.zip' -> 'ftp://ftp.bradl79.x10.mx/public_html/bradleyrepo2/zips/plugin.video.real-movies/plugin.video.real-movies-2.1.zip'
2017-07-02 01:29:40: Copy Over 'D:/Kodi/Repos/bradleyrepo2/zips/plugin.video.salts/plugin.video.salts-2.0.196.zip' -> 'ftp://ftp.bradl79.x10.mx/public_html/bradleyrepo2/zips/plugin.video.salts/plugin.video.salts-2.0.196.zip'
2017-07-02 01:29:55: Copy Over 'D:/Kodi/Repos/bradleyrepo2/zips/plugin.video.specto/plugin.video.specto-2017.06.11.1.zip' -> 'ftp://ftp.bradl79.x10.mx/public_html/bradleyrepo2/zips/plugin.video.specto/plugin.video.specto-2017.06.11.1.zip'
2017-07-02 01:30:01: Copy Over 'D:/Kodi/Repos/bradleyrepo2/zips/plugin.video.supremacy/plugin.video.supremacy-1.1.8.zip' -> 'ftp://ftp.bradl79.x10.mx/public_html/bradleyrepo2/zips/plugin.video.supremacy/plugin.video.supremacy-1.1.8.zip'
2017-07-02 01:30:05: Copy Over 'D:/Kodi/Repos/bradleyrepo2/zips/plugin.video.wolfpack/plugin.video.wolfpack-1.8.zip' -> 'ftp://ftp.bradl79.x10.mx/public_html/bradleyrepo2/zips/plugin.video.wolfpack/plugin.video.wolfpack-1.8.zip'
2017-07-02 01:30:09: Copy Over 'D:/Kodi/Repos/bradleyrepo2/zips/plugin.video.wweonline/plugin.video.wweonline-0.2.1.zip' -> 'ftp://ftp.bradl79.x10.mx/public_html/bradleyrepo2/zips/plugin.video.wweonline/plugin.video.wweonline-0.2.1.zip'
2017-07-02 01:30:25: Copy Over 'D:/Kodi/Repos/bradleyrepo2/zips/plugin.video.xtream-codes/plugin.video.xtream-codes-1.0.zip' -> 'ftp://ftp.bradl79.x10.mx/public_html/bradleyrepo2/zips/plugin.video.xtream-codes/plugin.video.xtream-codes-1.0.zip'
2017-07-02 01:30:29: Copy Over 'D:/Kodi/Repos/bradleyrepo2/zips/repository.duckpool/repository.duckpool-10.5.zip' -> 'ftp://ftp.bradl79.x10.mx/public_html/bradleyrepo2/zips/repository.duckpool/repository.duckpool-10.5.zip'
2017-07-02 01:30:33: Copy Over 'D:/Kodi/Repos/bradleyrepo2/zips/repository.elysium/repository.elysium-2017.06.10.zip' -> 'ftp://ftp.bradl79.x10.mx/public_html/bradleyrepo2/zips/repository.elysium/repository.elysium-2017.06.10.zip'
2017-07-02 01:30:33: Copy Over 'D:/Kodi/Repos/bradleyrepo2/zips/repository.maverickrepo/repository.maverickrepo-1.0.zip' -> 'ftp://ftp.bradl79.x10.mx/public_html/bradleyrepo2/zips/repository.maverickrepo/repository.maverickrepo-1.0.zip'
2017-07-02 01:30:35: Copy Over 'D:/Kodi/Repos/bradleyrepo2/zips/repository.mdrepo/repository.mdrepo-1.0.2.zip' -> 'ftp://ftp.bradl79.x10.mx/public_html/bradleyrepo2/zips/repository.mdrepo/repository.mdrepo-1.0.2.zip'
2017-07-02 01:30:36: Copy Over 'D:/Kodi/Repos/bradleyrepo2/zips/repository.metalkettle/repository.metalkettle-2.0.0.zip' -> 'ftp://ftp.bradl79.x10.mx/public_html/bradleyrepo2/zips/repository.metalkettle/repository.metalkettle-2.0.0.zip'
2017-07-02 01:30:37: Copy Over 'D:/Kodi/Repos/bradleyrepo2/zips/repository.noobsandnerds/repository.noobsandnerds-2.0.zip' -> 'ftp://ftp.bradl79.x10.mx/public_html/bradleyrepo2/zips/repository.noobsandnerds/repository.noobsandnerds-2.0.zip'
2017-07-02 01:30:37: Copy Over 'D:/Kodi/Repos/bradleyrepo2/zips/repository.playersklub/repository.playersklub-1.1.1.zip' -> 'ftp://ftp.bradl79.x10.mx/public_html/bradleyrepo2/zips/repository.playersklub/repository.playersklub-1.1.1.zip'
2017-07-02 01:30:38: Copy Over 'D:/Kodi/Repos/bradleyrepo2/zips/repository.simplycaz/repository.simplycaz-1.0.1.zip' -> 'ftp://ftp.bradl79.x10.mx/public_html/bradleyrepo2/zips/repository.simplycaz/repository.simplycaz-1.0.1.zip'
2017-07-02 01:30:38: Copy New 'D:/Kodi/Repos/bradleyrepo2/zips/repository.smash/repository.smash-1.0.1.zip' -> 'ftp://ftp.bradl79.x10.mx/public_html/bradleyrepo2/zips/repository.smash/repository.smash-1.0.1.zip'
2017-07-02 01:30:38: Copy Over 'D:/Kodi/Repos/bradleyrepo2/zips/repository.supremacy/repository.supremacy-1.1.zip' -> 'ftp://ftp.bradl79.x10.mx/public_html/bradleyrepo2/zips/repository.supremacy/repository.supremacy-1.1.zip'
2017-07-02 01:30:40: Copy Over 'D:/Kodi/Repos/bradleyrepo2/zips/repository.supremebuilds/repository.supremebuilds-1.0.0.zip' -> 'ftp://ftp.bradl79.x10.mx/public_html/bradleyrepo2/zips/repository.supremebuilds/repository.supremebuilds-1.0.0.zip'
2017-07-02 01:30:41: Copy Over 'D:/Kodi/Repos/bradleyrepo2/zips/repository.wolfpack/repository.wolfpack-1.1.zip' -> 'ftp://ftp.bradl79.x10.mx/public_html/bradleyrepo2/zips/repository.wolfpack/repository.wolfpack-1.1.zip'
2017-07-02 01:30:41: Copy Over 'D:/Kodi/Repos/bradleyrepo2/zips/script.common.plugin.cache/script.common.plugin.cache-2.5.8.zip' -> 'ftp://ftp.bradl79.x10.mx/public_html/bradleyrepo2/zips/script.common.plugin.cache/script.common.plugin.cache-2.5.8.zip'
2017-07-02 01:31:51: Copy Over 'D:/Kodi/Repos/bradleyrepo2/zips/script.elysium.artwork/script.elysium.artwork-2017.06.27.zip' -> 'ftp://ftp.bradl79.x10.mx/public_html/bradleyrepo2/zips/script.elysium.artwork/script.elysium.artwork-2017.06.27.zip'
2017-07-02 01:32:38: Copy Over 'D:/Kodi/Repos/bradleyrepo2/zips/script.exodus.artwork/script.exodus.artwork-1.0.6.zip' -> 'ftp://ftp.bradl79.x10.mx/public_html/bradleyrepo2/zips/script.exodus.artwork/script.exodus.artwork-1.0.6.zip'
2017-07-02 01:33:29: Copy Over 'D:/Kodi/Repos/bradleyrepo2/zips/script.exodus.metadata/script.exodus.metadata-1.0.1.zip' -> 'ftp://ftp.bradl79.x10.mx/public_html/bradleyrepo2/zips/script.exodus.metadata/script.exodus.metadata-1.0.1.zip'
2017-07-02 01:33:30: Copy Over 'D:/Kodi/Repos/bradleyrepo2/zips/script.favourites/script.favourites-7.1.1.zip' -> 'ftp://ftp.bradl79.x10.mx/public_html/bradleyrepo2/zips/script.favourites/script.favourites-7.1.1.zip'
2017-07-02 01:33:31: Copy Over 'D:/Kodi/Repos/bradleyrepo2/zips/script.grab.fanart/script.grab.fanart-0.14.1.zip' -> 'ftp://ftp.bradl79.x10.mx/public_html/bradleyrepo2/zips/script.grab.fanart/script.grab.fanart-0.14.1.zip'
2017-07-02 01:33:45: Copy Over 'D:/Kodi/Repos/bradleyrepo2/zips/script.icechannel/script.icechannel-1.0.0.63.zip' -> 'ftp://ftp.bradl79.x10.mx/public_html/bradleyrepo2/zips/script.icechannel/script.icechannel-1.0.0.63.zip'
2017-07-02 01:33:46: Copy Over 'D:/Kodi/Repos/bradleyrepo2/zips/script.icechannel.dialogs/script.icechannel.dialogs-0.2.2.zip' -> 'ftp://ftp.bradl79.x10.mx/public_html/bradleyrepo2/zips/script.icechannel.dialogs/script.icechannel.dialogs-0.2.2.zip'
2017-07-02 01:33:54: Copy Over 'D:/Kodi/Repos/bradleyrepo2/zips/script.icechannel.extn.common/script.icechannel.extn.common-0.4.0.zip' -> 'ftp://ftp.bradl79.x10.mx/public_html/bradleyrepo2/zips/script.icechannel.extn.common/script.icechannel.extn.common-0.4.0.zip'
2017-07-02 01:34:48: Copy Over 'D:/Kodi/Repos/bradleyrepo2/zips/script.icechannel.theme.default/script.icechannel.theme.default-1.0.0.zip' -> 'ftp://ftp.bradl79.x10.mx/public_html/bradleyrepo2/zips/script.icechannel.theme.default/script.icechannel.theme.default-1.0.0.zip'
2017-07-02 01:34:49: Copy Over 'D:/Kodi/Repos/bradleyrepo2/zips/script.image.resource.select/script.image.resource.select-2.0.2.zip' -> 'ftp://ftp.bradl79.x10.mx/public_html/bradleyrepo2/zips/script.image.resource.select/script.image.resource.select-2.0.2.zip'
2017-07-02 01:34:56: Copy Over 'D:/Kodi/Repos/bradleyrepo2/zips/script.ivueguide/script.ivueguide-3.0.9.zip' -> 'ftp://ftp.bradl79.x10.mx/public_html/bradleyrepo2/zips/script.ivueguide/script.ivueguide-3.0.9.zip'
2017-07-02 01:34:56: Copy Over 'D:/Kodi/Repos/bradleyrepo2/zips/script.module.addon.common/script.module.addon.common-2.0.0.zip' -> 'ftp://ftp.bradl79.x10.mx/public_html/bradleyrepo2/zips/script.module.addon.common/script.module.addon.common-2.0.0.zip'
2017-07-02 01:34:58: Copy Over 'D:/Kodi/Repos/bradleyrepo2/zips/script.module.dnspython/script.module.dnspython-1.11.1.zip' -> 'ftp://ftp.bradl79.x10.mx/public_html/bradleyrepo2/zips/script.module.dnspython/script.module.dnspython-1.11.1.zip'
2017-07-02 01:34:59: Copy Over 'D:/Kodi/Repos/bradleyrepo2/zips/script.module.f4mproxy/script.module.f4mproxy-1.0.16.zip' -> 'ftp://ftp.bradl79.x10.mx/public_html/bradleyrepo2/zips/script.module.f4mproxy/script.module.f4mproxy-1.0.16.zip'
2017-07-02 01:35:01: Copy Over 'D:/Kodi/Repos/bradleyrepo2/zips/script.module.feedparser/script.module.feedparser-5.1.3.zip' -> 'ftp://ftp.bradl79.x10.mx/public_html/bradleyrepo2/zips/script.module.feedparser/script.module.feedparser-5.1.3.zip'
2017-07-02 01:35:11: Copy Over 'D:/Kodi/Repos/bradleyrepo2/zips/script.module.muckys.common/script.module.muckys.common-1.3.5.zip' -> 'ftp://ftp.bradl79.x10.mx/public_html/bradleyrepo2/zips/script.module.muckys.common/script.module.muckys.common-1.3.5.zip'
2017-07-02 01:35:12: Copy Over 'D:/Kodi/Repos/bradleyrepo2/zips/script.module.pyamf/script.module.pyamf-0.6.2.zip' -> 'ftp://ftp.bradl79.x10.mx/public_html/bradleyrepo2/zips/script.module.pyamf/script.module.pyamf-0.6.2.zip'
2017-07-02 01:35:12: Copy Over 'D:/Kodi/Repos/bradleyrepo2/zips/script.module.socksipy/script.module.socksipy-2.0.0.zip' -> 'ftp://ftp.bradl79.x10.mx/public_html/bradleyrepo2/zips/script.module.socksipy/script.module.socksipy-2.0.0.zip'
2017-07-02 01:35:13: Copy Over 'D:/Kodi/Repos/bradleyrepo2/zips/script.module.universal/script.module.universal-2.0.3.zip' -> 'ftp://ftp.bradl79.x10.mx/public_html/bradleyrepo2/zips/script.module.universal/script.module.universal-2.0.3.zip'
2017-07-02 01:35:15: == Sync Complete. Time: 00:08:16, Speed: 321 KB/s, OK: 51, Errors: 0
2017-07-02 01:35:16: 
