2017-06-27 22:25:51: -- Analysis Started by User Command
2017-06-27 22:30:23: Changes: 139, Conflicts: 0, CopyTime: 0, FixState: 0, Errors: 0, All: 8490
2017-06-27 22:30:23: Left to Right: Copy File: 103 Delete File: 36 
2017-06-27 22:30:23: -- Analysis Complete. Time 00:04:33, Speed: 257 files/s
2017-06-27 22:30:23: 
2017-06-27 22:38:54: == Sync Started by User Command
2017-06-27 22:38:55: Delete File 'ftp://ftp.bradl79.x10.mx/public_html/bradleyrepo2/service.subtitles.opensubtitles_by_opensubtitles/addon.xml'
2017-06-27 22:38:55: Delete File 'ftp://ftp.bradl79.x10.mx/public_html/bradleyrepo2/service.subtitles.opensubtitles_by_opensubtitles/changelog.txt'
2017-06-27 22:38:55: Delete File 'ftp://ftp.bradl79.x10.mx/public_html/bradleyrepo2/service.subtitles.opensubtitles_by_opensubtitles/icon.png'
2017-06-27 22:38:55: Delete File 'ftp://ftp.bradl79.x10.mx/public_html/bradleyrepo2/service.subtitles.opensubtitles_by_opensubtitles/logo.png'
2017-06-27 22:38:55: Delete File 'ftp://ftp.bradl79.x10.mx/public_html/bradleyrepo2/service.subtitles.opensubtitles_by_opensubtitles/README.md'
2017-06-27 22:38:55: Delete File 'ftp://ftp.bradl79.x10.mx/public_html/bradleyrepo2/service.subtitles.opensubtitles_by_opensubtitles/resources/language/Chinese (Simple)/strings.po'
2017-06-27 22:38:55: Delete Folder 'ftp://ftp.bradl79.x10.mx/public_html/bradleyrepo2/service.subtitles.opensubtitles_by_opensubtitles/resources/language/Chinese (Simple)'
2017-06-27 22:38:55: Delete File 'ftp://ftp.bradl79.x10.mx/public_html/bradleyrepo2/service.subtitles.opensubtitles_by_opensubtitles/resources/language/English/strings.po'
2017-06-27 22:38:55: Delete Folder 'ftp://ftp.bradl79.x10.mx/public_html/bradleyrepo2/service.subtitles.opensubtitles_by_opensubtitles/resources/language/English'
2017-06-27 22:38:55: Delete Folder 'ftp://ftp.bradl79.x10.mx/public_html/bradleyrepo2/service.subtitles.opensubtitles_by_opensubtitles/resources/language'
2017-06-27 22:38:55: Delete File 'ftp://ftp.bradl79.x10.mx/public_html/bradleyrepo2/service.subtitles.opensubtitles_by_opensubtitles/resources/lib/__init__.py'
2017-06-27 22:38:56: Delete File 'ftp://ftp.bradl79.x10.mx/public_html/bradleyrepo2/service.subtitles.opensubtitles_by_opensubtitles/resources/lib/OSUtilities.py'
2017-06-27 22:38:56: Delete File 'ftp://ftp.bradl79.x10.mx/public_html/bradleyrepo2/service.subtitles.opensubtitles_by_opensubtitles/resources/lib/OSUtilities.pyo'
2017-06-27 22:38:56: Delete Folder 'ftp://ftp.bradl79.x10.mx/public_html/bradleyrepo2/service.subtitles.opensubtitles_by_opensubtitles/resources/lib'
2017-06-27 22:38:56: Delete File 'ftp://ftp.bradl79.x10.mx/public_html/bradleyrepo2/service.subtitles.opensubtitles_by_opensubtitles/resources/media/os_fanart.jpg'
2017-06-27 22:38:56: Delete File 'ftp://ftp.bradl79.x10.mx/public_html/bradleyrepo2/service.subtitles.opensubtitles_by_opensubtitles/resources/media/os_logo_512x512.png'
2017-06-27 22:38:56: Delete File 'ftp://ftp.bradl79.x10.mx/public_html/bradleyrepo2/service.subtitles.opensubtitles_by_opensubtitles/resources/media/screenshot_1.jpg'
2017-06-27 22:38:56: Delete File 'ftp://ftp.bradl79.x10.mx/public_html/bradleyrepo2/service.subtitles.opensubtitles_by_opensubtitles/resources/media/screenshot_2.jpg'
2017-06-27 22:38:56: Delete File 'ftp://ftp.bradl79.x10.mx/public_html/bradleyrepo2/service.subtitles.opensubtitles_by_opensubtitles/resources/media/screenshot_3.jpg'
2017-06-27 22:38:56: Delete Folder 'ftp://ftp.bradl79.x10.mx/public_html/bradleyrepo2/service.subtitles.opensubtitles_by_opensubtitles/resources/media'
2017-06-27 22:38:56: Delete File 'ftp://ftp.bradl79.x10.mx/public_html/bradleyrepo2/service.subtitles.opensubtitles_by_opensubtitles/resources/settings.xml'
2017-06-27 22:38:56: Delete Folder 'ftp://ftp.bradl79.x10.mx/public_html/bradleyrepo2/service.subtitles.opensubtitles_by_opensubtitles/resources'
2017-06-27 22:38:56: Delete File 'ftp://ftp.bradl79.x10.mx/public_html/bradleyrepo2/service.subtitles.opensubtitles_by_opensubtitles/service.py'
2017-06-27 22:38:57: Delete Folder 'ftp://ftp.bradl79.x10.mx/public_html/bradleyrepo2/service.subtitles.opensubtitles_by_opensubtitles'
2017-06-27 22:38:57: Delete File 'ftp://ftp.bradl79.x10.mx/public_html/bradleyrepo2/zips/resource.images.languageflags.colour/resource.images.languageflags.colour-0.0.4.zip'
2017-06-27 22:38:57: Delete Folder 'ftp://ftp.bradl79.x10.mx/public_html/bradleyrepo2/zips/resource.images.languageflags.colour'
2017-06-27 22:38:57: Delete File 'ftp://ftp.bradl79.x10.mx/public_html/bradleyrepo2/zips/resource.images.recordlabels.white/resource.images.recordlabels.white-0.0.7.zip'
2017-06-27 22:38:57: Delete Folder 'ftp://ftp.bradl79.x10.mx/public_html/bradleyrepo2/zips/resource.images.recordlabels.white'
2017-06-27 22:38:57: Delete File 'ftp://ftp.bradl79.x10.mx/public_html/bradleyrepo2/zips/resource.images.studios.white/resource.images.studios.white-0.0.10.zip'
2017-06-27 22:38:57: Delete Folder 'ftp://ftp.bradl79.x10.mx/public_html/bradleyrepo2/zips/resource.images.studios.white'
2017-06-27 22:38:57: Delete File 'ftp://ftp.bradl79.x10.mx/public_html/bradleyrepo2/zips/resource.images.weatherfanart.single/resource.images.weatherfanart.single-0.0.6.zip'
2017-06-27 22:38:57: Delete Folder 'ftp://ftp.bradl79.x10.mx/public_html/bradleyrepo2/zips/resource.images.weatherfanart.single'
2017-06-27 22:38:57: Delete File 'ftp://ftp.bradl79.x10.mx/public_html/bradleyrepo2/zips/resource.images.weathericons.transparent/resource.images.weathericons.transparent-0.0.6.zip'
2017-06-27 22:38:57: Delete Folder 'ftp://ftp.bradl79.x10.mx/public_html/bradleyrepo2/zips/resource.images.weathericons.transparent'
2017-06-27 22:38:57: Delete File 'ftp://ftp.bradl79.x10.mx/public_html/bradleyrepo2/zips/resource.uisounds.nebula/resource.uisounds.nebula-1.0.1.zip'
2017-06-27 22:38:57: Delete Folder 'ftp://ftp.bradl79.x10.mx/public_html/bradleyrepo2/zips/resource.uisounds.nebula'
2017-06-27 22:38:57: Create Folder 'ftp://ftp.bradl79.x10.mx/public_html/bradleyrepo2/repository.noobsandnerds'
2017-06-27 22:38:57: Create Folder 'ftp://ftp.bradl79.x10.mx/public_html/bradleyrepo2/zips/plugin.video.wweonline'
2017-06-27 22:38:58: Create Folder 'ftp://ftp.bradl79.x10.mx/public_html/bradleyrepo2/zips/repository.duckpool'
2017-06-27 22:38:58: Create Folder 'ftp://ftp.bradl79.x10.mx/public_html/bradleyrepo2/zips/repository.mdrepo'
2017-06-27 22:38:58: Create Folder 'ftp://ftp.bradl79.x10.mx/public_html/bradleyrepo2/zips/repository.metalkettle'
2017-06-27 22:38:58: Create Folder 'ftp://ftp.bradl79.x10.mx/public_html/bradleyrepo2/zips/repository.noobsandnerds'
2017-06-27 22:38:58: Create Folder 'ftp://ftp.bradl79.x10.mx/public_html/bradleyrepo2/zips/script.icechannel'
2017-06-27 22:38:58: Create Folder 'ftp://ftp.bradl79.x10.mx/public_html/bradleyrepo2/zips/script.icechannel.dialogs'
2017-06-27 22:38:58: Create Folder 'ftp://ftp.bradl79.x10.mx/public_html/bradleyrepo2/zips/script.icechannel.extn.common'
2017-06-27 22:38:58: Create Folder 'ftp://ftp.bradl79.x10.mx/public_html/bradleyrepo2/zips/script.icechannel.theme.default'
2017-06-27 22:38:58: Create Folder 'ftp://ftp.bradl79.x10.mx/public_html/bradleyrepo2/zips/script.module.dnspython'
2017-06-27 22:38:58: Create Folder 'ftp://ftp.bradl79.x10.mx/public_html/bradleyrepo2/zips/script.module.f4mproxy'
2017-06-27 22:38:58: Create Folder 'ftp://ftp.bradl79.x10.mx/public_html/bradleyrepo2/zips/script.module.feedparser'
2017-06-27 22:38:58: Create Folder 'ftp://ftp.bradl79.x10.mx/public_html/bradleyrepo2/zips/script.module.muckys.common'
2017-06-27 22:38:58: Create Folder 'ftp://ftp.bradl79.x10.mx/public_html/bradleyrepo2/zips/script.module.pyamf'
2017-06-27 22:38:58: Create Folder 'ftp://ftp.bradl79.x10.mx/public_html/bradleyrepo2/zips/script.module.socksipy'
2017-06-27 22:38:58: Create Folder 'ftp://ftp.bradl79.x10.mx/public_html/bradleyrepo2/zips/script.module.universal'
2017-06-27 22:38:59: Copy Over 'D:/Kodi/Repos/bradleyrepo2/addons.xml' -> 'ftp://ftp.bradl79.x10.mx/public_html/bradleyrepo2/addons.xml'
2017-06-27 22:38:59: Copy Over 'D:/Kodi/Repos/bradleyrepo2/addons.xml.md5' -> 'ftp://ftp.bradl79.x10.mx/public_html/bradleyrepo2/addons.xml.md5'
2017-06-27 22:38:59: Copy New 'D:/Kodi/Repos/bradleyrepo2/repository.noobsandnerds/addon.xml' -> 'ftp://ftp.bradl79.x10.mx/public_html/bradleyrepo2/repository.noobsandnerds/addon.xml'
2017-06-27 22:39:00: Copy New 'D:/Kodi/Repos/bradleyrepo2/repository.noobsandnerds/fanart.jpg' -> 'ftp://ftp.bradl79.x10.mx/public_html/bradleyrepo2/repository.noobsandnerds/fanart.jpg'
2017-06-27 22:39:01: Copy New 'D:/Kodi/Repos/bradleyrepo2/repository.noobsandnerds/icon.png' -> 'ftp://ftp.bradl79.x10.mx/public_html/bradleyrepo2/repository.noobsandnerds/icon.png'
2017-06-27 22:39:02: Copy Over 'D:/Kodi/Repos/bradleyrepo2/zips/plugin.program.advancedsettings/plugin.program.advancedsettings-0.8.8.zip' -> 'ftp://ftp.bradl79.x10.mx/public_html/bradleyrepo2/zips/plugin.program.advancedsettings/plugin.program.advancedsettings-0.8.8.zip'
2017-06-27 22:39:16: Copy Over 'D:/Kodi/Repos/bradleyrepo2/zips/plugin.program.bradleyswizard/plugin.program.bradleyswizard-1.0.zip' -> 'ftp://ftp.bradl79.x10.mx/public_html/bradleyrepo2/zips/plugin.program.bradleyswizard/plugin.program.bradleyswizard-1.0.zip'
2017-06-27 22:39:20: Copy Over 'D:/Kodi/Repos/bradleyrepo2/zips/plugin.program.mancavewizard/plugin.program.mancavewizard-0.0.6.zip' -> 'ftp://ftp.bradl79.x10.mx/public_html/bradleyrepo2/zips/plugin.program.mancavewizard/plugin.program.mancavewizard-0.0.6.zip'
2017-06-27 22:39:22: Copy Over 'D:/Kodi/Repos/bradleyrepo2/zips/plugin.program.supremebuildswizard/plugin.program.supremebuildswizard-3.0.4.zip' -> 'ftp://ftp.bradl79.x10.mx/public_html/bradleyrepo2/zips/plugin.program.supremebuildswizard/plugin.program.supremebuildswizard-3.0.4.zip'
2017-06-27 22:39:34: Copy Over 'D:/Kodi/Repos/bradleyrepo2/zips/plugin.program.viperwizard/plugin.program.viperwizard-1.0.zip' -> 'ftp://ftp.bradl79.x10.mx/public_html/bradleyrepo2/zips/plugin.program.viperwizard/plugin.program.viperwizard-1.0.zip'
2017-06-27 22:39:39: Copy Over 'D:/Kodi/Repos/bradleyrepo2/zips/plugin.program.Wolfpackwizard/plugin.program.Wolfpackwizard-1.6.zip' -> 'ftp://ftp.bradl79.x10.mx/public_html/bradleyrepo2/zips/plugin.program.Wolfpackwizard/plugin.program.Wolfpackwizard-1.6.zip'
2017-06-27 22:39:43: Copy Over 'D:/Kodi/Repos/bradleyrepo2/zips/plugin.video.elysium/plugin.video.elysium-2017.06.10.zip' -> 'ftp://ftp.bradl79.x10.mx/public_html/bradleyrepo2/zips/plugin.video.elysium/plugin.video.elysium-2017.06.10.zip'
2017-06-27 22:39:49: Copy Over 'D:/Kodi/Repos/bradleyrepo2/zips/plugin.video.exodus/plugin.video.exodus-3.1.22.zip' -> 'ftp://ftp.bradl79.x10.mx/public_html/bradleyrepo2/zips/plugin.video.exodus/plugin.video.exodus-3.1.22.zip'
2017-06-27 22:39:55: Copy Over 'D:/Kodi/Repos/bradleyrepo2/zips/plugin.video.LimitlessIPTV/plugin.video.LimitlessIPTV-1.0.zip' -> 'ftp://ftp.bradl79.x10.mx/public_html/bradleyrepo2/zips/plugin.video.LimitlessIPTV/plugin.video.LimitlessIPTV-1.0.zip'
2017-06-27 22:40:17: Copy Over 'D:/Kodi/Repos/bradleyrepo2/zips/plugin.video.mancavetv/plugin.video.mancavetv-1.0.zip' -> 'ftp://ftp.bradl79.x10.mx/public_html/bradleyrepo2/zips/plugin.video.mancavetv/plugin.video.mancavetv-1.0.zip'
2017-06-27 22:40:20: Copy Over 'D:/Kodi/Repos/bradleyrepo2/zips/plugin.video.MaverickTV/plugin.video.MaverickTV-4.2.zip' -> 'ftp://ftp.bradl79.x10.mx/public_html/bradleyrepo2/zips/plugin.video.MaverickTV/plugin.video.MaverickTV-4.2.zip'
2017-06-27 22:40:23: Copy Over 'D:/Kodi/Repos/bradleyrepo2/zips/plugin.video.miflix 4.1/plugin.video.miflix 4.1-4.1.zip' -> 'ftp://ftp.bradl79.x10.mx/public_html/bradleyrepo2/zips/plugin.video.miflix 4.1/plugin.video.miflix 4.1-4.1.zip'
2017-06-27 22:40:32: Copy Over 'D:/Kodi/Repos/bradleyrepo2/zips/plugin.video.playklub/plugin.video.playklub-2.2.zip' -> 'ftp://ftp.bradl79.x10.mx/public_html/bradleyrepo2/zips/plugin.video.playklub/plugin.video.playklub-2.2.zip'
2017-06-27 22:40:35: Copy Over 'D:/Kodi/Repos/bradleyrepo2/zips/plugin.video.prosport/plugin.video.prosport-0.83.zip' -> 'ftp://ftp.bradl79.x10.mx/public_html/bradleyrepo2/zips/plugin.video.prosport/plugin.video.prosport-0.83.zip'
2017-06-27 22:40:37: Copy Over 'D:/Kodi/Repos/bradleyrepo2/zips/plugin.video.real-movies/plugin.video.real-movies-2.1.zip' -> 'ftp://ftp.bradl79.x10.mx/public_html/bradleyrepo2/zips/plugin.video.real-movies/plugin.video.real-movies-2.1.zip'
2017-06-27 22:40:52: Copy Over 'D:/Kodi/Repos/bradleyrepo2/zips/plugin.video.salts/plugin.video.salts-2.0.196.zip' -> 'ftp://ftp.bradl79.x10.mx/public_html/bradleyrepo2/zips/plugin.video.salts/plugin.video.salts-2.0.196.zip'
2017-06-27 22:40:57: Copy Over 'D:/Kodi/Repos/bradleyrepo2/zips/plugin.video.specto/plugin.video.specto-2017.06.11.1.zip' -> 'ftp://ftp.bradl79.x10.mx/public_html/bradleyrepo2/zips/plugin.video.specto/plugin.video.specto-2017.06.11.1.zip'
2017-06-27 22:41:00: Copy Over 'D:/Kodi/Repos/bradleyrepo2/zips/plugin.video.supremacy/plugin.video.supremacy-1.1.8.zip' -> 'ftp://ftp.bradl79.x10.mx/public_html/bradleyrepo2/zips/plugin.video.supremacy/plugin.video.supremacy-1.1.8.zip'
2017-06-27 22:41:02: Copy Over 'D:/Kodi/Repos/bradleyrepo2/zips/plugin.video.wolfpack/plugin.video.wolfpack-1.8.zip' -> 'ftp://ftp.bradl79.x10.mx/public_html/bradleyrepo2/zips/plugin.video.wolfpack/plugin.video.wolfpack-1.8.zip'
2017-06-27 22:41:04: Copy New 'D:/Kodi/Repos/bradleyrepo2/zips/plugin.video.wweonline/plugin.video.wweonline-0.2.1.zip' -> 'ftp://ftp.bradl79.x10.mx/public_html/bradleyrepo2/zips/plugin.video.wweonline/plugin.video.wweonline-0.2.1.zip'
2017-06-27 22:41:11: Copy Over 'D:/Kodi/Repos/bradleyrepo2/zips/plugin.video.xtream-codes/plugin.video.xtream-codes-1.0.zip' -> 'ftp://ftp.bradl79.x10.mx/public_html/bradleyrepo2/zips/plugin.video.xtream-codes/plugin.video.xtream-codes-1.0.zip'
2017-06-27 22:41:12: Copy New 'D:/Kodi/Repos/bradleyrepo2/zips/repository.duckpool/repository.duckpool-10.5.zip' -> 'ftp://ftp.bradl79.x10.mx/public_html/bradleyrepo2/zips/repository.duckpool/repository.duckpool-10.5.zip'
2017-06-27 22:41:14: Copy Over 'D:/Kodi/Repos/bradleyrepo2/zips/repository.elysium/repository.elysium-2017.06.10.zip' -> 'ftp://ftp.bradl79.x10.mx/public_html/bradleyrepo2/zips/repository.elysium/repository.elysium-2017.06.10.zip'
2017-06-27 22:41:15: Copy Over 'D:/Kodi/Repos/bradleyrepo2/zips/repository.maverickrepo/repository.maverickrepo-1.0.zip' -> 'ftp://ftp.bradl79.x10.mx/public_html/bradleyrepo2/zips/repository.maverickrepo/repository.maverickrepo-1.0.zip'
2017-06-27 22:41:16: Copy New 'D:/Kodi/Repos/bradleyrepo2/zips/repository.mdrepo/repository.mdrepo-1.0.2.zip' -> 'ftp://ftp.bradl79.x10.mx/public_html/bradleyrepo2/zips/repository.mdrepo/repository.mdrepo-1.0.2.zip'
2017-06-27 22:41:19: Copy New 'D:/Kodi/Repos/bradleyrepo2/zips/repository.metalkettle/repository.metalkettle-2.0.0.zip' -> 'ftp://ftp.bradl79.x10.mx/public_html/bradleyrepo2/zips/repository.metalkettle/repository.metalkettle-2.0.0.zip'
2017-06-27 22:41:21: Copy New 'D:/Kodi/Repos/bradleyrepo2/zips/repository.noobsandnerds/repository.noobsandnerds-2.0.zip' -> 'ftp://ftp.bradl79.x10.mx/public_html/bradleyrepo2/zips/repository.noobsandnerds/repository.noobsandnerds-2.0.zip'
2017-06-27 22:41:21: Copy Over 'D:/Kodi/Repos/bradleyrepo2/zips/repository.playersklub/repository.playersklub-1.1.1.zip' -> 'ftp://ftp.bradl79.x10.mx/public_html/bradleyrepo2/zips/repository.playersklub/repository.playersklub-1.1.1.zip'
2017-06-27 22:41:22: Copy Over 'D:/Kodi/Repos/bradleyrepo2/zips/repository.simplycaz/repository.simplycaz-1.0.1.zip' -> 'ftp://ftp.bradl79.x10.mx/public_html/bradleyrepo2/zips/repository.simplycaz/repository.simplycaz-1.0.1.zip'
2017-06-27 22:41:22: Copy Over 'D:/Kodi/Repos/bradleyrepo2/zips/repository.supremacy/repository.supremacy-1.1.zip' -> 'ftp://ftp.bradl79.x10.mx/public_html/bradleyrepo2/zips/repository.supremacy/repository.supremacy-1.1.zip'
2017-06-27 22:41:23: Copy Over 'D:/Kodi/Repos/bradleyrepo2/zips/repository.supremebuilds/repository.supremebuilds-1.0.0.zip' -> 'ftp://ftp.bradl79.x10.mx/public_html/bradleyrepo2/zips/repository.supremebuilds/repository.supremebuilds-1.0.0.zip'
2017-06-27 22:41:24: Copy Over 'D:/Kodi/Repos/bradleyrepo2/zips/repository.wolfpack/repository.wolfpack-1.1.zip' -> 'ftp://ftp.bradl79.x10.mx/public_html/bradleyrepo2/zips/repository.wolfpack/repository.wolfpack-1.1.zip'
2017-06-27 22:41:24: Copy Over 'D:/Kodi/Repos/bradleyrepo2/zips/script.common.plugin.cache/script.common.plugin.cache-2.5.8.zip' -> 'ftp://ftp.bradl79.x10.mx/public_html/bradleyrepo2/zips/script.common.plugin.cache/script.common.plugin.cache-2.5.8.zip'
2017-06-27 22:41:49: Copy Over 'D:/Kodi/Repos/bradleyrepo2/zips/script.elysium.artwork/script.elysium.artwork-2017.06.08.zip' -> 'ftp://ftp.bradl79.x10.mx/public_html/bradleyrepo2/zips/script.elysium.artwork/script.elysium.artwork-2017.06.08.zip'
2017-06-27 22:42:07: Copy Over 'D:/Kodi/Repos/bradleyrepo2/zips/script.exodus.artwork/script.exodus.artwork-1.0.6.zip' -> 'ftp://ftp.bradl79.x10.mx/public_html/bradleyrepo2/zips/script.exodus.artwork/script.exodus.artwork-1.0.6.zip'
2017-06-27 22:42:22: Stop requested by Stop By User: #1
2017-06-27 22:42:22: FTP: Control connection lost was after good data transfer, so we assume data transfer was OK: receiving line: stopped by Stop By User
2017-06-27 22:42:22: Copy Over 'D:/Kodi/Repos/bradleyrepo2/zips/script.exodus.metadata/script.exodus.metadata-1.0.1.zip' -> 'ftp://ftp.bradl79.x10.mx/public_html/bradleyrepo2/zips/script.exodus.metadata/script.exodus.metadata-1.0.1.zip'
- ERROR: Copying file: stopped by Stop By User
2017-06-27 22:42:23: stopped by Stop By User
2017-06-27 22:42:23: 
